FlutterApp/build/app/intermediates/manifest_merge_blame_file/release/manifest-merger-blame-release-report.txt
1<?xml version="1.0" encoding="utf-8"?>
2<manifest xmlns:android="http://schemas.android.com/apk/res/android"
3    package="com.example.flutter_app"
4    android:versionCode="1"
5    android:versionName="1.0.0" >
6
7    <uses-sdk
8        android:minSdkVersion="21"
8-->src\main\AndroidManifest.xml
9        android:targetSdkVersion="34" />
9-->src\main\AndroidManifest.xml
10
11    <uses-permission android:name="android.permission.INTERNET" />
11-->src\main\AndroidManifest.xml:2:5-66
11-->src\main\AndroidManifest.xml:2:22-64
12    <uses-permission android:name="android.permission.ACCESS_NETWORK_STATE" />
12-->src\main\AndroidManifest.xml:3:5-78
12-->src\main\AndroidManifest.xml:3:22-76
13    <!--
14         Required to query activities that can process text, see:
15         https://developer.android.com/training/package-visibility and
16         https://developer.android.com/reference/android/content/Intent#ACTION_PROCESS_TEXT.
17
18         In particular, this is used by the Flutter engine in io.flutter.plugin.text.ProcessTextPlugin.
19    -->
20    <queries>
20-->src\main\AndroidManifest.xml:26:5-31:15
21        <intent>
21-->src\main\AndroidManifest.xml:27:9-30:18
22            <action android:name="android.intent.action.PROCESS_TEXT" />
22-->src\main\AndroidManifest.xml:28:13-72
22-->src\main\AndroidManifest.xml:28:21-70
23
24            <data android:mimeType="text/plain" />
24-->src\main\AndroidManifest.xml:29:13-50
24-->src\main\AndroidManifest.xml:29:19-48
25        </intent>
26    </queries>
27
28    <application
29        android:name="android.app.Application"
29-->src\main\AndroidManifest.xml:5:56-89
30        android:appComponentFactory="androidx.core.app.CoreComponentFactory"
30-->[androidx.core:core:1.6.0] AndroidManifest.xml:24:18-86
31        android:icon="@mipmap/ic_launcher"
31-->src\main\AndroidManifest.xml:5:90-124
32        android:label="NEMA Light controller" >
32-->src\main\AndroidManifest.xml:5:18-55
33        <activity
33-->src\main\AndroidManifest.xml:6:9-16:20
34            android:name="com.example.flutter_app.MainActivity"
34-->src\main\AndroidManifest.xml:6:19-47
35            android:configChanges="orientation|keyboardHidden|keyboard|screenSize|smallestScreenSize|locale|layoutDirection|fontScale|screenLayout|density|uiMode"
35-->src\main\AndroidManifest.xml:6:162-312
36            android:exported="true"
36-->src\main\AndroidManifest.xml:6:48-71
37            android:hardwareAccelerated="true"
37-->src\main\AndroidManifest.xml:6:313-347
38            android:launchMode="singleTop"
38-->src\main\AndroidManifest.xml:6:72-102
39            android:taskAffinity=""
39-->src\main\AndroidManifest.xml:6:103-126
40            android:theme="@style/LaunchTheme"
40-->src\main\AndroidManifest.xml:6:127-161
41            android:windowSoftInputMode="adjustResize" >
41-->src\main\AndroidManifest.xml:6:348-390
42
43            <!--
44                 Specifies an Android theme to apply to this Activity as soon as
45                 the Android process has started. This theme is visible to the user
46                 while the Flutter UI initializes. After that, this theme continues
47                 to determine the Window background behind the Flutter UI.
48            -->
49            <meta-data
49-->src\main\AndroidManifest.xml:11:13-119
50                android:name="io.flutter.embedding.android.NormalTheme"
50-->src\main\AndroidManifest.xml:11:24-79
51                android:resource="@style/NormalTheme" />
51-->src\main\AndroidManifest.xml:11:80-117
52
53            <intent-filter>
53-->src\main\AndroidManifest.xml:12:13-15:29
54                <action android:name="android.intent.action.MAIN" />
54-->src\main\AndroidManifest.xml:13:17-68
54-->src\main\AndroidManifest.xml:13:25-66
55
56                <category android:name="android.intent.category.LAUNCHER" />
56-->src\main\AndroidManifest.xml:14:17-76
56-->src\main\AndroidManifest.xml:14:27-74
57            </intent-filter>
58        </activity>
59        <!--
60             Don't delete the meta-data below.
61             This is used by the Flutter tool to generate GeneratedPluginRegistrant.java
62        -->
63        <meta-data
63-->src\main\AndroidManifest.xml:19:9-71
64            android:name="flutterEmbedding"
64-->src\main\AndroidManifest.xml:19:20-51
65            android:value="2" />
65-->src\main\AndroidManifest.xml:19:52-69
66
67        <uses-library
67-->[androidx.window:window:1.0.0-beta04] AndroidManifest.xml:25:9-27:40
68            android:name="androidx.window.extensions"
68-->[androidx.window:window:1.0.0-beta04] AndroidManifest.xml:26:13-54
69            android:required="false" />
69-->[androidx.window:window:1.0.0-beta04] AndroidManifest.xml:27:13-37
70        <uses-library
70-->[androidx.window:window:1.0.0-beta04] AndroidManifest.xml:28:9-30:40
71            android:name="androidx.window.sidecar"
71-->[androidx.window:window:1.0.0-beta04] AndroidManifest.xml:29:13-51
72            android:required="false" />
72-->[androidx.window:window:1.0.0-beta04] AndroidManifest.xml:30:13-37
73    </application>
74
75</manifest>